
> client@0.0.0 test C:\projects\cerdas\apps\client
> vitest "run"


[1m[46m RUN [49m[22m [36mv4.0.17 [39m[90mC:/projects/cerdas/apps/client[39m

[90mstdout[2m | tests/api.test.ts[2m > [22m[2mBackend API Integration Tests[2m > [22m[2mshould login successfully
[22m[39mLogin Status: [33m200[39m

[90mstdout[2m | tests/api.test.ts[2m > [22m[2mBackend API Integration Tests[2m > [22m[2mshould login successfully
[22m[39mLogin Response: {
  "success": true,
  "data": {
    "user": {
      "id": 1,
      "name": "Test User",
      "email": "user@example.com",
      "email_verified_at": "2026-01-13T18:17:36.000000Z",
      "is_super_admin": false,
      "created_at": "2026-01-13T18:17:36.000000Z",
      "updated_at": "2026-01-13T18:17:36.000000Z"
    },
    "token": "2|R2xjrRDgPQTqEz2TCoSWK9wr4V2IM926ZoNqHxXT9258713e"
  },
  "message": "Login successful"
}

[90mstdout[2m | tests/api.test.ts[2m > [22m[2mBackend API Integration Tests[2m > [22m[2mshould fetch assignments
[22m[39mAssignments Status: [33m200[39m

 [31mÎ“Â¥Â»[39m tests/api.test.ts [2m([22m[2m3 tests[22m[2m | [22m[31m2 failed[39m[2m)[22m[33m 426[2mms[22m[39m
     [33m[2mÎ“Â£Ã´[22m[39m should login successfully [33m 343[2mms[22m[39m
[31m     [31mâ”œÃ¹[31m should fetch assignments[39m[32m 49[2mms[22m[39m
[31m     [31mâ”œÃ¹[31m should push responses[39m[32m 31[2mms[22m[39m

Î“Ã„Â»Î“Ã„Â»Î“Ã„Â»Î“Ã„Â»Î“Ã„Â»Î“Ã„Â»Î“Ã„Â» Failed Tests 2 Î“Ã„Â»Î“Ã„Â»Î“Ã„Â»Î“Ã„Â»Î“Ã„Â»Î“Ã„Â»Î“Ã„Â»

 FAIL  tests/api.test.ts > Backend API Integration Tests > should fetch assignments
AssertionError: expected false to be true // Object.is equality

- Expected
+ Received

- true
+ false

 Î“Â¥Â» tests/api.test.ts:69:42
     67|         // Our controller uses ApiResource usually, checking structure
     68|         expect(data).toHaveProperty('data');
     69|         expect(Array.isArray(data.data)).toBe(true);
       |                                          ^
     70|     });
     71| 

Î“Ã„Â»Î“Ã„Â»Î“Ã„Â»Î“Ã„Â»Î“Ã„Â»Î“Ã„Â»Î“Ã„Â»Î“Ã„Â»Î“Ã„Â»Î“Ã„Â»Î“Ã„Â»Î“Ã„Â»Î“Ã„Â»Î“Ã„Â»Î“Ã„Â»Î“Ã„Â»Î“Ã„Â»Î“Ã„Â»Î“Ã„Â»Î“Ã„Â»Î“Ã„Â»Î“Ã„Â»Î“Ã„Â»Î“Ã„Â»[1/2]Î“Ã„Â»

 FAIL  tests/api.test.ts > Backend API Integration Tests > should push responses
AssertionError: expected 422 to be 200 // Object.is equality

- Expected
+ Received

- 200
+ 422

 Î“Â¥Â» tests/api.test.ts:102:28
    100| 
    101|         const data = await res.json();
    102|         expect(res.status).toBe(200);
       |                            ^
    103|         expect(data.data).toHaveLength(1);
    104|         expect(data.data[0].status).toBe('error'); // Expected "AssignÎ“Ã‡Âª

Î“Ã„Â»Î“Ã„Â»Î“Ã„Â»Î“Ã„Â»Î“Ã„Â»Î“Ã„Â»Î“Ã„Â»Î“Ã„Â»Î“Ã„Â»Î“Ã„Â»Î“Ã„Â»Î“Ã„Â»Î“Ã„Â»Î“Ã„Â»Î“Ã„Â»Î“Ã„Â»Î“Ã„Â»Î“Ã„Â»Î“Ã„Â»Î“Ã„Â»Î“Ã„Â»Î“Ã„Â»Î“Ã„Â»Î“Ã„Â»[2/2]Î“Ã„Â»


[2m Test Files [22m [1m[31m1 failed[39m[22m[90m (1)[39m
[2m      Tests [22m [1m[31m2 failed[39m[22m[2m | [22m[1m[32m1 passed[39m[22m[90m (3)[39m
[2m   Start at [22m 01:21:54
[2m   Duration [22m 776ms[2m (transform 47ms, setup 0ms, import 108ms, tests 426ms, environment 0ms)[22m

Î“Ã‡Ã«ELIFECYCLEÎ“Ã‡Ã« Test failed. See above for more details.
